1777748598.970442 client started (136450): version 3.6a, socket /tmp/tmux-1000/default, protocol 8
1777748598.970463 on Linux 6.19.12-200.fc43.x86_64 #1 SMP PREEMPT_DYNAMIC Sun Apr 12 15:26:33 UTC 2026
1777748598.970470 using libevent 2.1.12-stable poll
1777748598.970472 using utf8proc 2.10.0
1777748598.970474 using ncurses 6.5 20250614
1777748598.970486 flags are 0x10010000
1777748598.970489 socket is /tmp/tmux-1000/default
1777748598.970501 trying connect
1777748598.970527 add peer 0x14134b50: 7 ((nil))
1777748598.970559 sending message 111 to peer 0x14134b50 (8 bytes)
1777748598.970564 sending message 111 to peer 0x14134b50 (8 bytes)
1777748598.970567 sending message 101 to peer 0x14134b50 (14 bytes)
1777748598.970569 sending message 109 to peer 0x14134b50 (4 bytes)
1777748598.970571 sending message 102 to peer 0x14134b50 (1 bytes)
1777748598.970572 sending message 108 to peer 0x14134b50 (25 bytes)
1777748598.970575 sending message 104 to peer 0x14134b50 (0 bytes)
1777748598.970577 sending message 110 to peer 0x14134b50 (0 bytes)
1777748598.970580 sending message 107 to peer 0x14134b50 (4 bytes)
1777748598.970581 sending message 105 to peer 0x14134b50 (16 bytes)
1777748598.970583 sending message 105 to peer 0x14134b50 (15 bytes)
1777748598.970585 sending message 105 to peer 0x14134b50 (25 bytes)
1777748598.970587 sending message 105 to peer 0x14134b50 (20 bytes)
1777748598.970588 sending message 105 to peer 0x14134b50 (21 bytes)
1777748598.970590 sending message 105 to peer 0x14134b50 (8 bytes)
1777748598.970592 sending message 105 to peer 0x14134b50 (47 bytes)
1777748598.970593 sending message 105 to peer 0x14134b50 (23 bytes)
1777748598.970595 sending message 105 to peer 0x14134b50 (23 bytes)
1777748598.970597 sending message 105 to peer 0x14134b50 (26 bytes)
1777748598.970599 sending message 105 to peer 0x14134b50 (27 bytes)
1777748598.970600 sending message 105 to peer 0x14134b50 (35 bytes)
1777748598.970602 sending message 105 to peer 0x14134b50 (14 bytes)
1777748598.970604 sending message 105 to peer 0x14134b50 (18 bytes)
1777748598.970605 sending message 105 to peer 0x14134b50 (69 bytes)
1777748598.970607 sending message 105 to peer 0x14134b50 (23 bytes)
1777748598.970609 sending message 105 to peer 0x14134b50 (37 bytes)
1777748598.970610 sending message 105 to peer 0x14134b50 (43 bytes)
1777748598.970612 sending message 105 to peer 0x14134b50 (17 bytes)
1777748598.970614 sending message 105 to peer 0x14134b50 (40 bytes)
1777748598.970615 sending message 105 to peer 0x14134b50 (51 bytes)
1777748598.970617 sending message 105 to peer 0x14134b50 (63 bytes)
1777748598.970619 sending message 105 to peer 0x14134b50 (43 bytes)
1777748598.970620 sending message 105 to peer 0x14134b50 (20 bytes)
1777748598.970622 sending message 105 to peer 0x14134b50 (22 bytes)
1777748598.970624 sending message 105 to peer 0x14134b50 (19 bytes)
1777748598.970625 sending message 105 to peer 0x14134b50 (88 bytes)
1777748598.970627 sending message 105 to peer 0x14134b50 (12 bytes)
1777748598.970629 sending message 105 to peer 0x14134b50 (29 bytes)
1777748598.970630 sending message 105 to peer 0x14134b50 (14 bytes)
1777748598.970632 sending message 105 to peer 0x14134b50 (26 bytes)
1777748598.970634 sending message 105 to peer 0x14134b50 (25 bytes)
1777748598.970636 sending message 105 to peer 0x14134b50 (176 bytes)
1777748598.970637 sending message 105 to peer 0x14134b50 (44 bytes)
1777748598.970639 sending message 105 to peer 0x14134b50 (22 bytes)
1777748598.970641 sending message 105 to peer 0x14134b50 (54 bytes)
1777748598.970642 sending message 105 to peer 0x14134b50 (24 bytes)
1777748598.970644 sending message 105 to peer 0x14134b50 (21 bytes)
1777748598.970645 sending message 105 to peer 0x14134b50 (62 bytes)
1777748598.970647 sending message 105 to peer 0x14134b50 (47 bytes)
1777748598.970649 sending message 105 to peer 0x14134b50 (21 bytes)
1777748598.970650 sending message 105 to peer 0x14134b50 (15 bytes)
1777748598.970652 sending message 105 to peer 0x14134b50 (51 bytes)
1777748598.970654 sending message 105 to peer 0x14134b50 (17 bytes)
1777748598.970661 sending message 105 to peer 0x14134b50 (16 bytes)
1777748598.970666 sending message 105 to peer 0x14134b50 (1923 bytes)
1777748598.970676 sending message 105 to peer 0x14134b50 (26 bytes)
1777748598.970678 sending message 105 to peer 0x14134b50 (142 bytes)
1777748598.970680 sending message 105 to peer 0x14134b50 (20 bytes)
1777748598.970682 sending message 105 to peer 0x14134b50 (26 bytes)
1777748598.970683 sending message 105 to peer 0x14134b50 (732 bytes)
1777748598.970685 sending message 105 to peer 0x14134b50 (41 bytes)
1777748598.970687 sending message 105 to peer 0x14134b50 (45 bytes)
1777748598.970689 sending message 105 to peer 0x14134b50 (32 bytes)
1777748598.970691 sending message 105 to peer 0x14134b50 (73 bytes)
1777748598.970692 sending message 105 to peer 0x14134b50 (16 bytes)
1777748598.970694 sending message 105 to peer 0x14134b50 (38 bytes)
1777748598.970696 sending message 105 to peer 0x14134b50 (185 bytes)
1777748598.970698 sending message 105 to peer 0x14134b50 (38 bytes)
1777748598.970699 sending message 105 to peer 0x14134b50 (124 bytes)
1777748598.970701 sending message 105 to peer 0x14134b50 (61 bytes)
1777748598.970703 sending message 105 to peer 0x14134b50 (23 bytes)
1777748598.970705 sending message 105 to peer 0x14134b50 (41 bytes)
1777748598.970706 sending message 105 to peer 0x14134b50 (23 bytes)
1777748598.970708 sending message 105 to peer 0x14134b50 (19 bytes)
1777748598.970710 sending message 105 to peer 0x14134b50 (29 bytes)
1777748598.970711 sending message 105 to peer 0x14134b50 (51 bytes)
1777748598.970713 sending message 105 to peer 0x14134b50 (35 bytes)
1777748598.970715 sending message 105 to peer 0x14134b50 (11 bytes)
1777748598.970717 sending message 105 to peer 0x14134b50 (13 bytes)
1777748598.970718 sending message 105 to peer 0x14134b50 (50 bytes)
1777748598.970720 sending message 105 to peer 0x14134b50 (504 bytes)
1777748598.970722 sending message 105 to peer 0x14134b50 (12 bytes)
1777748598.970724 sending message 105 to peer 0x14134b50 (11 bytes)
1777748598.970725 sending message 105 to peer 0x14134b50 (49 bytes)
1777748598.970727 sending message 105 to peer 0x14134b50 (8 bytes)
1777748598.970729 sending message 105 to peer 0x14134b50 (24 bytes)
1777748598.970730 sending message 105 to peer 0x14134b50 (18 bytes)
1777748598.970732 sending message 105 to peer 0x14134b50 (548 bytes)
1777748598.970734 sending message 105 to peer 0x14134b50 (56 bytes)
1777748598.970736 sending message 105 to peer 0x14134b50 (65 bytes)
1777748598.970737 sending message 105 to peer 0x14134b50 (20 bytes)
1777748598.970739 sending message 105 to peer 0x14134b50 (44 bytes)
1777748598.970741 sending message 105 to peer 0x14134b50 (31 bytes)
1777748598.970743 sending message 105 to peer 0x14134b50 (80 bytes)
1777748598.970744 sending message 105 to peer 0x14134b50 (40 bytes)
1777748598.970746 sending message 105 to peer 0x14134b50 (36 bytes)
1777748598.970748 sending message 105 to peer 0x14134b50 (28 bytes)
1777748598.970750 sending message 105 to peer 0x14134b50 (16 bytes)
1777748598.970751 sending message 105 to peer 0x14134b50 (126 bytes)
1777748598.970753 sending message 105 to peer 0x14134b50 (1877 bytes)
1777748598.970756 sending message 105 to peer 0x14134b50 (17 bytes)
1777748598.970757 sending message 105 to peer 0x14134b50 (23 bytes)
1777748598.970759 sending message 105 to peer 0x14134b50 (85 bytes)
1777748598.970761 sending message 105 to peer 0x14134b50 (54 bytes)
1777748598.970763 sending message 105 to peer 0x14134b50 (27 bytes)
1777748598.970764 sending message 105 to peer 0x14134b50 (49 bytes)
1777748598.970766 sending message 105 to peer 0x14134b50 (142 bytes)
1777748598.970768 sending message 105 to peer 0x14134b50 (93 bytes)
1777748598.970770 sending message 105 to peer 0x14134b50 (23 bytes)
1777748598.970771 sending message 105 to peer 0x14134b50 (23 bytes)
1777748598.970773 sending message 105 to peer 0x14134b50 (18 bytes)
1777748598.970775 sending message 105 to peer 0x14134b50 (16 bytes)
1777748598.970776 sending message 106 to peer 0x14134b50 (0 bytes)
1777748598.970806 sending message 200 to peer 0x14134b50 (4 bytes)
1777748598.970809 client loop enter
1777748598.971037 peer 0x14134b50 message 303
1777748598.971041 open write file 2 -
1777748598.971047 sending message 305 to peer 0x14134b50 (8 bytes)
1777748598.971051 write check file 2
1777748598.971513 peer 0x14134b50 message 304
1777748598.971515 write 37 to file 2
1777748598.971523 peer 0x14134b50 message 203
1777748598.971526 file 2 37 bytes left
1777748598.971533 write check file 2
1777748598.971535 client loop exit
